Using pre-set license
Built from '2021.1/release' branch; Version is '2021.1.16f1 (5fa502fca597) revision 6268162'; Using compiler version '192528614'; Build Type 'Release'
OS: 'Windows 10 Home; OS build 19042.1348; Version 2009; 64bit' Language: 'en' Physical Memory: 16230 MB
BatchMode: 1, IsHumanControllingUs: 0, StartBugReporterOnCrash: 0, Is64bit: 1, IsPro: 0

 COMMAND LINE ARGUMENTS:
C:\Program Files\Unity\Hub\Editor\2021.1.16f1\Editor\Unity.exe
-adb2
-batchMode
-noUpm
-name
AssetImportWorker0
-projectPath
C:/Users/BYRNE/Desktop/GameEngineScripting/FinalProject/Final Project IMS 465
-logFile
Logs/AssetImportWorker0.log
-srvPort
52967
Successfully changed project path to: C:/Users/BYRNE/Desktop/GameEngineScripting/FinalProject/Final Project IMS 465
C:/Users/BYRNE/Desktop/GameEngineScripting/FinalProject/Final Project IMS 465
Using Asset Import Pipeline V2.
Refreshing native plugins compatible for Editor in 87.13 ms, found 3 plugins.
Preloading 0 native plugins for Editor in 0.00 ms.
Initialize engine version: 2021.1.16f1 (5fa502fca597)
[Subsystems] Discovering subsystems at path C:/Program Files/Unity/Hub/Editor/2021.1.16f1/Editor/Data/Resources/UnitySubsystems
[Subsystems] Discovering subsystems at path C:/Users/BYRNE/Desktop/GameEngineScripting/FinalProject/Final Project IMS 465/Assets
GfxDevice: creating device client; threaded=0; jobified=0
Direct3D:
    Version:  Direct3D 11.0 [level 11.1]
    Renderer: NVIDIA GeForce GTX 1050 Ti (ID=0x1c8c)
    Vendor:   NVIDIA
    VRAM:     4021 MB
    Driver:   26.21.14.3648
Initialize mono
Mono path[0] = 'C:/Program Files/Unity/Hub/Editor/2021.1.16f1/Editor/Data/Managed'
Mono path[1] = 'C:/Program Files/Unity/Hub/Editor/2021.1.16f1/Editor/Data/MonoBleedingEdge/lib/mono/unityjit'
Mono config path = 'C:/Program Files/Unity/Hub/Editor/2021.1.16f1/Editor/Data/MonoBleedingEdge/etc'
Using monoOptions --debugger-agent=transport=dt_socket,embedding=1,server=y,suspend=n,address=127.0.0.1:56320
Begin MonoManager ReloadAssembly
Registering precompiled unity dll's ...
Register platform support module: C:/Program Files/Unity/Hub/Editor/2021.1.16f1/Editor/Data/PlaybackEngines/WebGLSupport/UnityEditor.WebGL.Extensions.dll
Register platform support module: C:/Program Files/Unity/Hub/Editor/2021.1.16f1/Editor/Data/PlaybackEngines/WindowsStandaloneSupport/UnityEditor.WindowsStandalone.Extensions.dll
Registered in 0.003378 seconds.
Native extension for WindowsStandalone target not found
Native extension for WebGL target not found
Refreshing native plugins compatible for Editor in 83.18 ms, found 3 plugins.
Preloading 0 native plugins for Editor in 0.00 ms.
Mono: successfully reloaded assembly
- Completed reload, in  1.457 seconds
Domain Reload Profiling:
	ReloadAssembly (1457ms)
		BeginReloadAssembly (68ms)
			ExecutionOrderSort (0ms)
			DisableScriptedObjects (0ms)
			BackupInstance (0ms)
			ReleaseScriptingObjects (0ms)
			CreateAndSetChildDomain (1ms)
		EndReloadAssembly (477ms)
			LoadAssemblies (65ms)
			RebuildTransferFunctionScriptingTraits (0ms)
			SetupTypeCache (175ms)
			ReleaseScriptCaches (0ms)
			RebuildScriptCaches (33ms)
			SetupLoadedEditorAssemblies (218ms)
				LogAssemblyErrors (0ms)
				InitializePlatformSupportModulesInManaged (7ms)
				SetLoadedEditorAssemblies (0ms)
				RefreshPlugins (83ms)
				BeforeProcessingInitializeOnLoad (1ms)
				ProcessInitializeOnLoadAttributes (98ms)
				ProcessInitializeOnLoadMethodAttributes (28ms)
				AfterProcessingInitializeOnLoad (0ms)
				EditorAssembliesLoaded (0ms)
			ExecutionOrderSort2 (0ms)
			AwakeInstancesAfterBackupRestoration (0ms)
Platform modules already initialized, skipping
Registering precompiled user dll's ...
Registered in 0.008469 seconds.
Begin MonoManager ReloadAssembly
Native extension for WindowsStandalone target not found
Native extension for WebGL target not found
Refreshing native plugins compatible for Editor in 78.83 ms, found 3 plugins.
Preloading 0 native plugins for Editor in 0.00 ms.
Mono: successfully reloaded assembly
- Completed reload, in  1.337 seconds
Domain Reload Profiling:
	ReloadAssembly (1338ms)
		BeginReloadAssembly (159ms)
			ExecutionOrderSort (0ms)
			DisableScriptedObjects (5ms)
			BackupInstance (0ms)
			ReleaseScriptingObjects (0ms)
			CreateAndSetChildDomain (19ms)
		EndReloadAssembly (1113ms)
			LoadAssemblies (115ms)
			RebuildTransferFunctionScriptingTraits (0ms)
			SetupTypeCache (347ms)
			ReleaseScriptCaches (1ms)
			RebuildScriptCaches (47ms)
			SetupLoadedEditorAssemblies (511ms)
				LogAssemblyErrors (0ms)
				InitializePlatformSupportModulesInManaged (5ms)
				SetLoadedEditorAssemblies (0ms)
				RefreshPlugins (79ms)
				BeforeProcessingInitializeOnLoad (73ms)
				ProcessInitializeOnLoadAttributes (340ms)
				ProcessInitializeOnLoadMethodAttributes (5ms)
				AfterProcessingInitializeOnLoad (9ms)
				EditorAssembliesLoaded (0ms)
			ExecutionOrderSort2 (0ms)
			AwakeInstancesAfterBackupRestoration (7ms)
Platform modules already initialized, skipping
========================================================================
Worker process is ready to serve import requests
Launched and connected shader compiler UnityShaderCompiler.exe after 0.06 seconds
Refreshing native plugins compatible for Editor in 0.75 ms, found 3 plugins.
Preloading 0 native plugins for Editor in 0.00 ms.
Unloading 3244 Unused Serialized files (Serialized files now loaded: 0)
System memory in use before: 119.5 MB.
System memory in use after: 119.7 MB.

Unloading 25 unused Assets to reduce memory usage. Loaded Objects now: 3690.
Total: 3.207600 ms (FindLiveObjects: 0.220900 ms CreateObjectMapping: 0.134100 ms MarkObjects: 2.784800 ms  DeleteObjects: 0.067000 ms)

AssetImportParameters requested are different than current active one (requested -> active):
  custom:framework-win-MediaFoundation: 216162199b28c13a410421893ffa2e32 -> 
  custom:video-decoder-ogg-theora: a1e56fd34408186e4bbccfd4996cb3dc -> 
  custom:container-muxer-webm: aa71ff27fc2769a1b78a27578f13a17b -> 
  custom:container-demuxer-webm: 4f35f7cbe854078d1ac9338744f61a02 -> 
  custom:container-demuxer-ogg: 62fdf1f143b41e24485cea50d1cbac27 -> 
  custom:video-encoder-webm-vp8: eb34c28f22e8b96e1ab97ce403110664 -> 
  custom:video-decoder-webm-vp8: 9c59270c3fd7afecdb556c50c9e8de78 -> 
  custom:audio-decoder-ogg-vorbis: bf7c407c2cedff20999df2af8eb42d56 -> 
  custom:audio-encoder-webm-vorbis: bf7c407c2cedff20999df2af8eb42d56 -> 
========================================================================
Received Import Request.
  path: Assets
  artifactKey: Guid(00000000000000001000000000000000) Importer(815301076,1909f56bfc062723c751e8b465ee728b)
Start importing Assets using Guid(00000000000000001000000000000000) Importer(815301076,1909f56bfc062723c751e8b465ee728b)  -> (artifact id: '42d402b061de3733987d63b9cc3b64de') in 0.007014 seconds 
========================================================================
Received Import Request.
  Time since last request: 16.871828 seconds.
  path: Assets/InputActionConfig.inputactions
  artifactKey: Guid(ad7048a939dc7c64681e1517c60d5047) Importer(815301076,1909f56bfc062723c751e8b465ee728b)
Start importing Assets/InputActionConfig.inputactions using Guid(ad7048a939dc7c64681e1517c60d5047) Importer(815301076,1909f56bfc062723c751e8b465ee728b)  -> (artifact id: '321bf9a7d5ed7b7f38d034083e9b5e87') in 0.056685 seconds 
========================================================================
Received Import Request.
  Time since last request: 101.432822 seconds.
  path: Assets/InputActionConfig.inputactions
  artifactKey: Guid(ad7048a939dc7c64681e1517c60d5047) Importer(815301076,1909f56bfc062723c751e8b465ee728b)
Start importing Assets/InputActionConfig.inputactions using Guid(ad7048a939dc7c64681e1517c60d5047) Importer(815301076,1909f56bfc062723c751e8b465ee728b)  -> (artifact id: 'fa3e2fc4bfb8c4d2573cc19b814f3669') in 0.008081 seconds 
========================================================================
Received Import Request.
  Time since last request: 100.612674 seconds.
  path: Assets/Materials
  artifactKey: Guid(6addccc463e2a2541ab618cdead8004a) Importer(815301076,1909f56bfc062723c751e8b465ee728b)
Start importing Assets/Materials using Guid(6addccc463e2a2541ab618cdead8004a) Importer(815301076,1909f56bfc062723c751e8b465ee728b)  -> (artifact id: '0326e9e96d46065ee7a266efe874d4f0') in 0.006613 seconds 
========================================================================
Received Import Request.
  Time since last request: 79.793495 seconds.
  path: Assets/Materials/Player1.mat
  artifactKey: Guid(38d60152a3e16084cabc24f79497f80d) Importer(815301076,1909f56bfc062723c751e8b465ee728b)
Start importing Assets/Materials/Player1.mat using Guid(38d60152a3e16084cabc24f79497f80d) Importer(815301076,1909f56bfc062723c751e8b465ee728b)  -> (artifact id: 'ee249b12b96ada2f86872822ea54a275') in 0.104630 seconds 
========================================================================
Received Import Request.
  Time since last request: 70.132584 seconds.
  path: Assets/Materials/Player1.mat
  artifactKey: Guid(38d60152a3e16084cabc24f79497f80d) Importer(815301076,1909f56bfc062723c751e8b465ee728b)
Start importing Assets/Materials/Player1.mat using Guid(38d60152a3e16084cabc24f79497f80d) Importer(815301076,1909f56bfc062723c751e8b465ee728b)  -> (artifact id: '2d22182c77a530750411123aaacfa48e') in 0.012563 seconds 
========================================================================
Received Import Request.
  Time since last request: 10.317068 seconds.
  path: Assets/Materials/Player2.mat
  artifactKey: Guid(7029d481436738841bd72b7c201be26c) Importer(815301076,1909f56bfc062723c751e8b465ee728b)
Start importing Assets/Materials/Player2.mat using Guid(7029d481436738841bd72b7c201be26c) Importer(815301076,1909f56bfc062723c751e8b465ee728b)  -> (artifact id: '425b6248d8c92de0bbf4745cc71c19e4') in 0.010007 seconds 
========================================================================
Received Import Request.
  Time since last request: 121.669179 seconds.
  path: Assets/Scenes
  artifactKey: Guid(dbea0d196429528418714e9eebdc8d55) Importer(815301076,1909f56bfc062723c751e8b465ee728b)
Start importing Assets/Scenes using Guid(dbea0d196429528418714e9eebdc8d55) Importer(815301076,1909f56bfc062723c751e8b465ee728b)  -> (artifact id: '8a10e8ab7f6c6f735c584d0dd59312ed') in 0.004212 seconds 
========================================================================
Received Import Request.
  Time since last request: 10.627867 seconds.
  path: Assets/Scenes/MainScene.unity
  artifactKey: Guid(11038e02cbe59e340b5a71930190e950) Importer(815301076,1909f56bfc062723c751e8b465ee728b)
Start importing Assets/Scenes/MainScene.unity using Guid(11038e02cbe59e340b5a71930190e950) Importer(815301076,1909f56bfc062723c751e8b465ee728b)  -> (artifact id: 'f8b5d9c8af87f67cf467cad9965b4169') in 0.004393 seconds 
========================================================================
Received Import Request.
  Time since last request: 43.527892 seconds.
  path: Assets/Materials/Player2.mat
  artifactKey: Guid(7029d481436738841bd72b7c201be26c) Importer(815301076,1909f56bfc062723c751e8b465ee728b)
Start importing Assets/Materials/Player2.mat using Guid(7029d481436738841bd72b7c201be26c) Importer(815301076,1909f56bfc062723c751e8b465ee728b)  -> (artifact id: '86e92ef53609103d77a992e622c0075f') in 0.013238 seconds 
========================================================================
Received Import Request.
  Time since last request: 14.166920 seconds.
  path: Assets/Materials/Player1Floor.mat
  artifactKey: Guid(3b19fb2281e6af24caead42fe58b042b) Importer(815301076,1909f56bfc062723c751e8b465ee728b)
Start importing Assets/Materials/Player1Floor.mat using Guid(3b19fb2281e6af24caead42fe58b042b) Importer(815301076,1909f56bfc062723c751e8b465ee728b)  -> (artifact id: 'e7ec240ccf40bfb750ccf2f86847a576') in 0.013694 seconds 
========================================================================
Received Import Request.
  Time since last request: 23.810162 seconds.
  path: Assets/Materials/Player1Floor.mat
  artifactKey: Guid(3b19fb2281e6af24caead42fe58b042b) Importer(815301076,1909f56bfc062723c751e8b465ee728b)
Start importing Assets/Materials/Player1Floor.mat using Guid(3b19fb2281e6af24caead42fe58b042b) Importer(815301076,1909f56bfc062723c751e8b465ee728b)  -> (artifact id: '27419b6f9a2ba0c81053689f7d39f356') in 0.010014 seconds 
========================================================================
Received Import Request.
  Time since last request: 15.831543 seconds.
  path: Assets/Materials/Player2Floor.mat
  artifactKey: Guid(678e5a0afe23fae42aa8451228d45c9c) Importer(815301076,1909f56bfc062723c751e8b465ee728b)
Start importing Assets/Materials/Player2Floor.mat using Guid(678e5a0afe23fae42aa8451228d45c9c) Importer(815301076,1909f56bfc062723c751e8b465ee728b)  -> (artifact id: 'b37e47972f2939f371a56a5a29930fb7') in 0.011816 seconds 
========================================================================
Received Prepare
Registering precompiled user dll's ...
Registered in 0.006966 seconds.
Begin MonoManager ReloadAssembly
Native extension for WindowsStandalone target not found
Native extension for WebGL target not found
Refreshing native plugins compatible for Editor in 0.57 ms, found 3 plugins.
Preloading 0 native plugins for Editor in 0.00 ms.
Mono: successfully reloaded assembly
- Completed reload, in  1.148 seconds
Domain Reload Profiling:
	ReloadAssembly (1149ms)
		BeginReloadAssembly (127ms)
			ExecutionOrderSort (0ms)
			DisableScriptedObjects (4ms)
			BackupInstance (0ms)
			ReleaseScriptingObjects (0ms)
			CreateAndSetChildDomain (38ms)
		EndReloadAssembly (960ms)
			LoadAssemblies (99ms)
			RebuildTransferFunctionScriptingTraits (0ms)
			SetupTypeCache (347ms)
			ReleaseScriptCaches (1ms)
			RebuildScriptCaches (39ms)
			SetupLoadedEditorAssemblies (385ms)
				LogAssemblyErrors (0ms)
				InitializePlatformSupportModulesInManaged (5ms)
				SetLoadedEditorAssemblies (0ms)
				RefreshPlugins (1ms)
				BeforeProcessingInitializeOnLoad (50ms)
				ProcessInitializeOnLoadAttributes (316ms)
				ProcessInitializeOnLoadMethodAttributes (4ms)
				AfterProcessingInitializeOnLoad (8ms)
				EditorAssembliesLoaded (0ms)
			ExecutionOrderSort2 (0ms)
			AwakeInstancesAfterBackupRestoration (6ms)
Platform modules already initialized, skipping
Refreshing native plugins compatible for Editor in 0.59 ms, found 3 plugins.
Preloading 0 native plugins for Editor in 0.00 ms.
Unloading 3239 Unused Serialized files (Serialized files now loaded: 0)
System memory in use before: 123.6 MB.
System memory in use after: 123.8 MB.

Unloading 18 unused Assets to reduce memory usage. Loaded Objects now: 3733.
Total: 3.498900 ms (FindLiveObjects: 0.240500 ms CreateObjectMapping: 0.136200 ms MarkObjects: 3.072800 ms  DeleteObjects: 0.048100 ms)

AssetImportParameters requested are different than current active one (requested -> active):
  custom:framework-win-MediaFoundation: 216162199b28c13a410421893ffa2e32 -> 
  custom:video-decoder-ogg-theora: a1e56fd34408186e4bbccfd4996cb3dc -> 
  custom:container-muxer-webm: aa71ff27fc2769a1b78a27578f13a17b -> 
  custom:container-demuxer-webm: 4f35f7cbe854078d1ac9338744f61a02 -> 
  custom:container-demuxer-ogg: 62fdf1f143b41e24485cea50d1cbac27 -> 
  custom:video-encoder-webm-vp8: eb34c28f22e8b96e1ab97ce403110664 -> 
  custom:video-decoder-webm-vp8: 9c59270c3fd7afecdb556c50c9e8de78 -> 
  custom:audio-decoder-ogg-vorbis: bf7c407c2cedff20999df2af8eb42d56 -> 
  custom:audio-encoder-webm-vorbis: bf7c407c2cedff20999df2af8eb42d56 -> 
========================================================================
Received Import Request.
  Time since last request: 556.423494 seconds.
  path: Assets/Scripts
  artifactKey: Guid(9468bc79099787940ad0c63904b705ab) Importer(815301076,1909f56bfc062723c751e8b465ee728b)
Start importing Assets/Scripts using Guid(9468bc79099787940ad0c63904b705ab) Importer(815301076,1909f56bfc062723c751e8b465ee728b)  -> (artifact id: 'bd22e7e805dc97c01c21b22644c5cab0') in 0.007100 seconds 
========================================================================
Received Import Request.
  Time since last request: 16.216845 seconds.
  path: Assets/Scripts/GameManager.cs
  artifactKey: Guid(66342f1b6a7b7fd4fb7b008ec6c3c488) Importer(815301076,1909f56bfc062723c751e8b465ee728b)
Start importing Assets/Scripts/GameManager.cs using Guid(66342f1b6a7b7fd4fb7b008ec6c3c488) Importer(815301076,1909f56bfc062723c751e8b465ee728b)  -> (artifact id: '85de609638c51ddc465c112242477dd1') in 0.019298 seconds 
========================================================================
Received Prepare
Registering precompiled user dll's ...
Registered in 0.006768 seconds.
Begin MonoManager ReloadAssembly
Native extension for WindowsStandalone target not found
Native extension for WebGL target not found
Refreshing native plugins compatible for Editor in 0.60 ms, found 3 plugins.
Preloading 0 native plugins for Editor in 0.00 ms.
Mono: successfully reloaded assembly
- Completed reload, in  1.191 seconds
Domain Reload Profiling:
	ReloadAssembly (1191ms)
		BeginReloadAssembly (125ms)
			ExecutionOrderSort (0ms)
			DisableScriptedObjects (4ms)
			BackupInstance (0ms)
			ReleaseScriptingObjects (0ms)
			CreateAndSetChildDomain (39ms)
		EndReloadAssembly (1005ms)
			LoadAssemblies (107ms)
			RebuildTransferFunctionScriptingTraits (0ms)
			SetupTypeCache (358ms)
			ReleaseScriptCaches (1ms)
			RebuildScriptCaches (40ms)
			SetupLoadedEditorAssemblies (407ms)
				LogAssemblyErrors (0ms)
				InitializePlatformSupportModulesInManaged (5ms)
				SetLoadedEditorAssemblies (0ms)
				RefreshPlugins (1ms)
				BeforeProcessingInitializeOnLoad (55ms)
				ProcessInitializeOnLoadAttributes (333ms)
				ProcessInitializeOnLoadMethodAttributes (4ms)
				AfterProcessingInitializeOnLoad (9ms)
				EditorAssembliesLoaded (0ms)
			ExecutionOrderSort2 (0ms)
			AwakeInstancesAfterBackupRestoration (7ms)
Platform modules already initialized, skipping
Refreshing native plugins compatible for Editor in 0.56 ms, found 3 plugins.
Preloading 0 native plugins for Editor in 0.00 ms.
Unloading 3240 Unused Serialized files (Serialized files now loaded: 0)
System memory in use before: 123.6 MB.
System memory in use after: 123.8 MB.

Unloading 18 unused Assets to reduce memory usage. Loaded Objects now: 3737.
Total: 3.697600 ms (FindLiveObjects: 0.322700 ms CreateObjectMapping: 0.188200 ms MarkObjects: 3.145100 ms  DeleteObjects: 0.040600 ms)

AssetImportParameters requested are different than current active one (requested -> active):
  custom:framework-win-MediaFoundation: 216162199b28c13a410421893ffa2e32 -> 
  custom:video-decoder-ogg-theora: a1e56fd34408186e4bbccfd4996cb3dc -> 
  custom:container-muxer-webm: aa71ff27fc2769a1b78a27578f13a17b -> 
  custom:container-demuxer-webm: 4f35f7cbe854078d1ac9338744f61a02 -> 
  custom:container-demuxer-ogg: 62fdf1f143b41e24485cea50d1cbac27 -> 
  custom:video-encoder-webm-vp8: eb34c28f22e8b96e1ab97ce403110664 -> 
  custom:video-decoder-webm-vp8: 9c59270c3fd7afecdb556c50c9e8de78 -> 
  custom:audio-decoder-ogg-vorbis: bf7c407c2cedff20999df2af8eb42d56 -> 
  custom:audio-encoder-webm-vorbis: bf7c407c2cedff20999df2af8eb42d56 -> 
AssetImportWorkerClient::OnTransportError - code=2 error=End of file
